
bb_init()
    conn:
    proto_major = 7
    proto_minor = 22
    async_read = 1
    max_write = 131072
    max_readahead = 131072
    capable = 00000ffb
    want = 00000010
    max_background = 0
    congestion_threshold = 0
    context:
    fuse = 006c4550
    uid = 0
    gid = 0
    pid = 0
    private_data = 006c3010
    logfile = 006c4040
    rootdir = /home/shouvanik/OS_Labs/Lab11/fuse-tutorial-2016-03-25/example/rootdir
    umask = 00000

bb_getattr(path="/.Trash", statbuf=0x9252ac20)
    bb_fullpath:  rootdir = "/home/shouvanik/OS_Labs/Lab11/fuse-tutorial-2016-03-25/example/rootdir", path = "/.Trash", fpath = "/home/shouvanik/OS_Labs/Lab11/fuse-tutorial-2016-03-25/example/rootdir/.Trash"
    lstat returned -1
    ERROR lstat: No such file or directory
    si:
    st_dev = 0
    st_ino = 0
    st_mode = 00
    st_nlink = 0
    st_uid = 0
    st_gid = 0
    st_rdev = 0
    st_size = 0
    st_blksize = 0
    st_blocks = 0
    st_atime = 0x00000000
    st_mtime = 0x00000000
    st_ctime = 0x00000000

bb_getattr(path="/.Trash-1000", statbuf=0x9252ac20)
    bb_fullpath:  rootdir = "/home/shouvanik/OS_Labs/Lab11/fuse-tutorial-2016-03-25/example/rootdir", path = "/.Trash-1000", fpath = "/home/shouvanik/OS_Labs/Lab11/fuse-tutorial-2016-03-25/example/rootdir/.Trash-1000"
    lstat returned -1
    ERROR lstat: No such file or directory
    si:
    st_dev = 0
    st_ino = 0
    st_mode = 00
    st_nlink = 0
    st_uid = 0
    st_gid = 0
    st_rdev = 0
    st_size = 0
    st_blksize = 0
    st_blocks = 0
    st_atime = 0x00000000
    st_mtime = 0x00000000
    st_ctime = 0x00000000

bb_getattr(path="/.xdg-volume-info", statbuf=0x92d2bc20)
    bb_fullpath:  rootdir = "/home/shouvanik/OS_Labs/Lab11/fuse-tutorial-2016-03-25/example/rootdir", path = "/.xdg-volume-info", fpath = "/home/shouvanik/OS_Labs/Lab11/fuse-tutorial-2016-03-25/example/rootdir/.xdg-volume-info"
    lstat returned -1
    ERROR lstat: No such file or directory
    si:
    st_dev = 0
    st_ino = 0
    st_mode = 00
    st_nlink = 0
    st_uid = 0
    st_gid = 0
    st_rdev = 0
    st_size = 0
    st_blksize = 0
    st_blocks = 0
    st_atime = 0x00000000
    st_mtime = 0x00000000
    st_ctime = 0x00000000

bb_opendir(path="/", fi=0x9252ac50)
    bb_fullpath:  rootdir = "/home/shouvanik/OS_Labs/Lab11/fuse-tutorial-2016-03-25/example/rootdir", path = "/", fpath = "/home/shouvanik/OS_Labs/Lab11/fuse-tutorial-2016-03-25/example/rootdir/"
    opendir returned 0x0x7f2384000cd0
    fi:
    flags = 0x00018800
    fh_old = 0x00000000
    writepage = 0
    direct_io = 0
    keep_cache = 0
    fh = 0x00007f2384000cd0
    lock_owner = 0x0000000000000000

bb_readdir(path="/", buf=0x84000b40, filler=0x938f8220, offset=0, fi=0x92d2bc50)
    readdir returned 0x0x7f2384000d00
calling filler with name test.txt
calling filler with name ..
calling filler with name bogus.txt
calling filler with name .
    fi:
    flags = 0x00000000
    fh_old = 0x7f2384000cd0
    writepage = 0
    direct_io = 0
    keep_cache = 0
    fh = 0x00007f2384000cd0
    lock_owner = 0x0000000000000000

bb_getattr(path="/test.txt", statbuf=0x9252ac20)
    bb_fullpath:  rootdir = "/home/shouvanik/OS_Labs/Lab11/fuse-tutorial-2016-03-25/example/rootdir", path = "/test.txt", fpath = "/home/shouvanik/OS_Labs/Lab11/fuse-tutorial-2016-03-25/example/rootdir/test.txt"
    lstat returned 0
    si:
    st_dev = 2056
    st_ino = 396119
    st_mode = 0100664
    st_nlink = 1
    st_uid = 1000
    st_gid = 1000
    st_rdev = 0
    st_size = 18
    st_blksize = 4096
    st_blocks = 8
    st_atime = 0x57012a10
    st_mtime = 0x57012a0d
    st_ctime = 0x57012a0d

bb_getattr(path="/bogus.txt", statbuf=0x92d2bc20)
    bb_fullpath:  rootdir = "/home/shouvanik/OS_Labs/Lab11/fuse-tutorial-2016-03-25/example/rootdir", path = "/bogus.txt", fpath = "/home/shouvanik/OS_Labs/Lab11/fuse-tutorial-2016-03-25/example/rootdir/bogus.txt"
    lstat returned 0
    si:
    st_dev = 2056
    st_ino = 396112
    st_mode = 0100664
    st_nlink = 1
    st_uid = 1000
    st_gid = 1000
    st_rdev = 0
    st_size = 11
    st_blksize = 4096
    st_blocks = 8
    st_atime = 0x570128dd
    st_mtime = 0x570129bd
    st_ctime = 0x570129bd

bb_getattr(path="/autorun.inf", statbuf=0x91d29c20)
    bb_fullpath:  rootdir = "/home/shouvanik/OS_Labs/Lab11/fuse-tutorial-2016-03-25/example/rootdir", path = "/autorun.inf", fpath = "/home/shouvanik/OS_Labs/Lab11/fuse-tutorial-2016-03-25/example/rootdir/autorun.inf"
    lstat returned -1
    ERROR lstat: No such file or directory
    si:
    st_dev = 0
    st_ino = 0
    st_mode = 00
    st_nlink = 0
    st_uid = 0
    st_gid = 0
    st_rdev = 0
    st_size = 0
    st_blksize = 0
    st_blocks = 0
    st_atime = 0x00000000
    st_mtime = 0x00000000
    st_ctime = 0x00000000

bb_releasedir(path="/", fi=0x92d2bc60)
    fi:
    flags = 0x00000000
    fh_old = 0x7f2384000cd0
    writepage = 0
    direct_io = 0
    keep_cache = 0
    fh = 0x00007f2384000cd0
    lock_owner = 0x0000000000000000

bb_opendir(path="/", fi=0x91d29c50)
    bb_fullpath:  rootdir = "/home/shouvanik/OS_Labs/Lab11/fuse-tutorial-2016-03-25/example/rootdir", path = "/", fpath = "/home/shouvanik/OS_Labs/Lab11/fuse-tutorial-2016-03-25/example/rootdir/"
    opendir returned 0x0x7f2388000b20
    fi:
    flags = 0x00018800
    fh_old = 0x00000000
    writepage = 0
    direct_io = 0
    keep_cache = 0
    fh = 0x00007f2388000b20
    lock_owner = 0x0000000000000000

bb_readdir(path="/", buf=0x88000990, filler=0x938f8220, offset=0, fi=0x9252ac50)
    readdir returned 0x0x7f2388000b50
calling filler with name test.txt
calling filler with name ..
calling filler with name bogus.txt
calling filler with name .
    fi:
    flags = 0x00000000
    fh_old = 0x7f2388000b20
    writepage = 0
    direct_io = 0
    keep_cache = 0
    fh = 0x00007f2388000b20
    lock_owner = 0x0000000000000000

bb_releasedir(path="/", fi=0x9252ac60)
    fi:
    flags = 0x00000000
    fh_old = 0x7f2388000b20
    writepage = 0
    direct_io = 0
    keep_cache = 0
    fh = 0x00007f2388000b20
    lock_owner = 0x0000000000000000

bb_opendir(path="/", fi=0x92d2bc50)
    bb_fullpath:  rootdir = "/home/shouvanik/OS_Labs/Lab11/fuse-tutorial-2016-03-25/example/rootdir", path = "/", fpath = "/home/shouvanik/OS_Labs/Lab11/fuse-tutorial-2016-03-25/example/rootdir/"
    opendir returned 0x0x7f238c000c80
    fi:
    flags = 0x00018800
    fh_old = 0x00000000
    writepage = 0
    direct_io = 0
    keep_cache = 0
    fh = 0x00007f238c000c80
    lock_owner = 0x0000000000000000

bb_readdir(path="/", buf=0x8c000af0, filler=0x938f8220, offset=0, fi=0x91d29c50)
    readdir returned 0x0x7f238c000cb0
calling filler with name test.txt
calling filler with name ..
calling filler with name bogus.txt
calling filler with name .
    fi:
    flags = 0x00000000
    fh_old = 0x7f238c000c80
    writepage = 0
    direct_io = 0
    keep_cache = 0
    fh = 0x00007f238c000c80
    lock_owner = 0x0000000000000000

bb_releasedir(path="/", fi=0x91d29c60)
    fi:
    flags = 0x00000000
    fh_old = 0x7f238c000c80
    writepage = 0
    direct_io = 0
    keep_cache = 0
    fh = 0x00007f238c000c80
    lock_owner = 0x0000000000000000

bb_opendir(path="/", fi=0x9252ac50)
    bb_fullpath:  rootdir = "/home/shouvanik/OS_Labs/Lab11/fuse-tutorial-2016-03-25/example/rootdir", path = "/", fpath = "/home/shouvanik/OS_Labs/Lab11/fuse-tutorial-2016-03-25/example/rootdir/"
    opendir returned 0x0x7f2384000cd0
    fi:
    flags = 0x00018800
    fh_old = 0x00000000
    writepage = 0
    direct_io = 0
    keep_cache = 0
    fh = 0x00007f2384000cd0
    lock_owner = 0x0000000000000000

bb_readdir(path="/", buf=0x84000b40, filler=0x938f8220, offset=0, fi=0x92d2bc50)
    readdir returned 0x0x7f2384000d00
calling filler with name test.txt
calling filler with name ..
calling filler with name bogus.txt
calling filler with name .
    fi:
    flags = 0x00000000
    fh_old = 0x7f2384000cd0
    writepage = 0
    direct_io = 0
    keep_cache = 0
    fh = 0x00007f2384000cd0
    lock_owner = 0x0000000000000000

bb_releasedir(path="/", fi=0x92d2bc60)
    fi:
    flags = 0x00000000
    fh_old = 0x7f2384000cd0
    writepage = 0
    direct_io = 0
    keep_cache = 0
    fh = 0x00007f2384000cd0
    lock_owner = 0x0000000000000000

bb_opendir(path="/", fi=0x91d29c50)
    bb_fullpath:  rootdir = "/home/shouvanik/OS_Labs/Lab11/fuse-tutorial-2016-03-25/example/rootdir", path = "/", fpath = "/home/shouvanik/OS_Labs/Lab11/fuse-tutorial-2016-03-25/example/rootdir/"
    opendir returned 0x0x7f2388000b20
    fi:
    flags = 0x00018800
    fh_old = 0x00000000
    writepage = 0
    direct_io = 0
    keep_cache = 0
    fh = 0x00007f2388000b20
    lock_owner = 0x0000000000000000

bb_readdir(path="/", buf=0x88000990, filler=0x938f8220, offset=0, fi=0x9252ac50)
    readdir returned 0x0x7f2388000b50
calling filler with name test.txt
calling filler with name ..
calling filler with name bogus.txt
calling filler with name .
    fi:
    flags = 0x00000000
    fh_old = 0x7f2388000b20
    writepage = 0
    direct_io = 0
    keep_cache = 0
    fh = 0x00007f2388000b20
    lock_owner = 0x0000000000000000

bb_releasedir(path="/", fi=0x9252ac60)
    fi:
    flags = 0x00000000
    fh_old = 0x7f2388000b20
    writepage = 0
    direct_io = 0
    keep_cache = 0
    fh = 0x00007f2388000b20
    lock_owner = 0x0000000000000000

bb_opendir(path="/", fi=0x92d2bc50)
    bb_fullpath:  rootdir = "/home/shouvanik/OS_Labs/Lab11/fuse-tutorial-2016-03-25/example/rootdir", path = "/", fpath = "/home/shouvanik/OS_Labs/Lab11/fuse-tutorial-2016-03-25/example/rootdir/"
    opendir returned 0x0x7f238c000c80
    fi:
    flags = 0x00018800
    fh_old = 0x00000000
    writepage = 0
    direct_io = 0
    keep_cache = 0
    fh = 0x00007f238c000c80
    lock_owner = 0x0000000000000000

bb_readdir(path="/", buf=0x8c000af0, filler=0x938f8220, offset=0, fi=0x91d29c50)
    readdir returned 0x0x7f238c000cb0
calling filler with name test.txt
calling filler with name ..
calling filler with name bogus.txt
calling filler with name .
    fi:
    flags = 0x00000000
    fh_old = 0x7f238c000c80
    writepage = 0
    direct_io = 0
    keep_cache = 0
    fh = 0x00007f238c000c80
    lock_owner = 0x0000000000000000

bb_releasedir(path="/", fi=0x91d29c60)
    fi:
    flags = 0x00000000
    fh_old = 0x7f238c000c80
    writepage = 0
    direct_io = 0
    keep_cache = 0
    fh = 0x00007f238c000c80
    lock_owner = 0x0000000000000000

bb_opendir(path="/", fi=0x91d29c50)
    bb_fullpath:  rootdir = "/home/shouvanik/OS_Labs/Lab11/fuse-tutorial-2016-03-25/example/rootdir", path = "/", fpath = "/home/shouvanik/OS_Labs/Lab11/fuse-tutorial-2016-03-25/example/rootdir/"
    opendir returned 0x0x7f2388000b20
    fi:
    flags = 0x00018800
    fh_old = 0x00000000
    writepage = 0
    direct_io = 0
    keep_cache = 0
    fh = 0x00007f2388000b20
    lock_owner = 0x0000000000000000

bb_readdir(path="/", buf=0x88000990, filler=0x938f8220, offset=0, fi=0x9252ac50)
    readdir returned 0x0x7f2388000b50
calling filler with name test.txt
calling filler with name ..
calling filler with name bogus.txt
calling filler with name .
    fi:
    flags = 0x00000000
    fh_old = 0x7f2388000b20
    writepage = 0
    direct_io = 0
    keep_cache = 0
    fh = 0x00007f2388000b20
    lock_owner = 0x0000000000000000

bb_releasedir(path="/", fi=0x9252ac60)
    fi:
    flags = 0x00000000
    fh_old = 0x7f2388000b20
    writepage = 0
    direct_io = 0
    keep_cache = 0

bb_opendir(path="/", fi=0x92d2bc50)
    bb_fullpath:  rootdir = "/home/shouvanik/OS_Labs/Lab11/fuse-tutorial-2016-03-25/example/rootdir", path = "/", fpath = "/home/shouvanik/OS_Labs/Lab11/fuse-tutorial-2016-03-25/example/rootdir/"
    fh = 0x00007f2388000b20
    lock_owner = 0x0000000000000000
    opendir returned 0x0x7f238c000c80
    fi:
    flags = 0x00018800
    fh_old = 0x00000000
    writepage = 0
    direct_io = 0
    keep_cache = 0
    fh = 0x00007f238c000c80
    lock_owner = 0x0000000000000000

bb_readdir(path="/", buf=0x8c000af0, filler=0x938f8220, offset=0, fi=0x91d29c50)
    readdir returned 0x0x7f238c000cb0
calling filler with name test.txt
calling filler with name ..
calling filler with name bogus.txt
calling filler with name .
    fi:
    flags = 0x00000000
    fh_old = 0x7f238c000c80
    writepage = 0
    direct_io = 0
    keep_cache = 0
    fh = 0x00007f238c000c80
    lock_owner = 0x0000000000000000

bb_releasedir(path="/", fi=0x91d29c60)
    fi:
    flags = 0x00000000
    fh_old = 0x7f238c000c80
    writepage = 0
    direct_io = 0
    keep_cache = 0
    fh = 0x00007f238c000c80
    lock_owner = 0x0000000000000000

bb_opendir(path="/", fi=0x9252ac50)
    bb_fullpath:  rootdir = "/home/shouvanik/OS_Labs/Lab11/fuse-tutorial-2016-03-25/example/rootdir", path = "/", fpath = "/home/shouvanik/OS_Labs/Lab11/fuse-tutorial-2016-03-25/example/rootdir/"
    opendir returned 0x0x7f2384000cd0
    fi:
    flags = 0x00018800
    fh_old = 0x00000000
    writepage = 0
    direct_io = 0
    keep_cache = 0
    fh = 0x00007f2384000cd0
    lock_owner = 0x0000000000000000

bb_readdir(path="/", buf=0x84000b40, filler=0x938f8220, offset=0, fi=0x92d2bc50)
    readdir returned 0x0x7f2384000d00
calling filler with name test.txt
calling filler with name ..
calling filler with name bogus.txt
calling filler with name .
    fi:
    flags = 0x00000000
    fh_old = 0x7f2384000cd0
    writepage = 0
    direct_io = 0
    keep_cache = 0
    fh = 0x00007f2384000cd0
    lock_owner = 0x0000000000000000

bb_releasedir(path="/", fi=0x92d2bc60)
    fi:
    flags = 0x00000000
    fh_old = 0x7f2384000cd0
    writepage = 0
    direct_io = 0
    keep_cache = 0
    fh = 0x00007f2384000cd0
    lock_owner = 0x0000000000000000

bb_opendir(path="/", fi=0x91d29c50)
    bb_fullpath:  rootdir = "/home/shouvanik/OS_Labs/Lab11/fuse-tutorial-2016-03-25/example/rootdir", path = "/", fpath = "/home/shouvanik/OS_Labs/Lab11/fuse-tutorial-2016-03-25/example/rootdir/"
    opendir returned 0x0x7f2388000b20
    fi:
    flags = 0x00018800
    fh_old = 0x00000000
    writepage = 0
    direct_io = 0
    keep_cache = 0
    fh = 0x00007f2388000b20
    lock_owner = 0x0000000000000000

bb_readdir(path="/", buf=0x88000990, filler=0x938f8220, offset=0, fi=0x9252ac50)
    readdir returned 0x0x7f2388000b50
calling filler with name test.txt
calling filler with name ..
calling filler with name bogus.txt
calling filler with name .
    fi:
    flags = 0x00000000
    fh_old = 0x7f2388000b20
    writepage = 0
    direct_io = 0
    keep_cache = 0
    fh = 0x00007f2388000b20
    lock_owner = 0x0000000000000000

bb_releasedir(path="/", fi=0x9252ac60)
    fi:
    flags = 0x00000000
    fh_old = 0x7f2388000b20
    writepage = 0
    direct_io = 0
    keep_cache = 0
    fh = 0x00007f2388000b20
    lock_owner = 0x0000000000000000

bb_opendir(path="/", fi=0x92d2bc50)
    bb_fullpath:  rootdir = "/home/shouvanik/OS_Labs/Lab11/fuse-tutorial-2016-03-25/example/rootdir", path = "/", fpath = "/home/shouvanik/OS_Labs/Lab11/fuse-tutorial-2016-03-25/example/rootdir/"
    opendir returned 0x0x7f238c000c80
    fi:
    flags = 0x00018800
    fh_old = 0x00000000
    writepage = 0
    direct_io = 0
    keep_cache = 0
    fh = 0x00007f238c000c80
    lock_owner = 0x0000000000000000

bb_readdir(path="/", buf=0x8c000af0, filler=0x938f8220, offset=0, fi=0x91d29c50)
    readdir returned 0x0x7f238c000cb0
calling filler with name test.txt
calling filler with name ..
calling filler with name bogus.txt
calling filler with name .
    fi:
    flags = 0x00000000
    fh_old = 0x7f238c000c80
    writepage = 0
    direct_io = 0
    keep_cache = 0
    fh = 0x00007f238c000c80
    lock_owner = 0x0000000000000000

bb_releasedir(path="/", fi=0x91d29c60)
    fi:
    flags = 0x00000000
    fh_old = 0x7f238c000c80
    writepage = 0
    direct_io = 0
    keep_cache = 0
    fh = 0x00007f238c000c80
    lock_owner = 0x0000000000000000

bb_opendir(path="/", fi=0x9252ac50)
    bb_fullpath:  rootdir = "/home/shouvanik/OS_Labs/Lab11/fuse-tutorial-2016-03-25/example/rootdir", path = "/", fpath = "/home/shouvanik/OS_Labs/Lab11/fuse-tutorial-2016-03-25/example/rootdir/"
    opendir returned 0x0x7f2384000cd0
    fi:
    flags = 0x00018800
    fh_old = 0x00000000
    writepage = 0
    direct_io = 0
    keep_cache = 0
    fh = 0x00007f2384000cd0
    lock_owner = 0x0000000000000000

bb_readdir(path="/", buf=0x84000b40, filler=0x938f8220, offset=0, fi=0x92d2bc50)
    readdir returned 0x0x7f2384000d00
calling filler with name test.txt
calling filler with name ..
calling filler with name bogus.txt
calling filler with name .
    fi:
    flags = 0x00000000
    fh_old = 0x7f2384000cd0
    writepage = 0
    direct_io = 0
    keep_cache = 0
    fh = 0x00007f2384000cd0
    lock_owner = 0x0000000000000000

bb_releasedir(path="/", fi=0x92d2bc60)
    fi:
    flags = 0x00000000
    fh_old = 0x7f2384000cd0
    writepage = 0
    direct_io = 0
    keep_cache = 0
    fh = 0x00007f2384000cd0
    lock_owner = 0x0000000000000000

bb_opendir(path="/", fi=0x91d29c50)
    bb_fullpath:  rootdir = "/home/shouvanik/OS_Labs/Lab11/fuse-tutorial-2016-03-25/example/rootdir", path = "/", fpath = "/home/shouvanik/OS_Labs/Lab11/fuse-tutorial-2016-03-25/example/rootdir/"
    opendir returned 0x0x7f2388000b20
    fi:
    flags = 0x00018800
    fh_old = 0x00000000
    writepage = 0
    direct_io = 0
    keep_cache = 0
    fh = 0x00007f2388000b20
    lock_owner = 0x0000000000000000

bb_readdir(path="/", buf=0x88000990, filler=0x938f8220, offset=0, fi=0x9252ac50)
    readdir returned 0x0x7f2388000b50
calling filler with name test.txt
calling filler with name ..
calling filler with name bogus.txt
calling filler with name .
    fi:
    flags = 0x00000000
    fh_old = 0x7f2388000b20
    writepage = 0
    direct_io = 0
    keep_cache = 0
    fh = 0x00007f2388000b20
    lock_owner = 0x0000000000000000

bb_releasedir(path="/", fi=0x9252ac60)
    fi:
    flags = 0x00000000
    fh_old = 0x7f2388000b20
    writepage = 0
    direct_io = 0
    keep_cache = 0
    fh = 0x00007f2388000b20
    lock_owner = 0x0000000000000000

bb_opendir(path="/", fi=0x92d2bc50)
    bb_fullpath:  rootdir = "/home/shouvanik/OS_Labs/Lab11/fuse-tutorial-2016-03-25/example/rootdir", path = "/", fpath = "/home/shouvanik/OS_Labs/Lab11/fuse-tutorial-2016-03-25/example/rootdir/"
    opendir returned 0x0x7f238c000c80
    fi:
    flags = 0x00018800
    fh_old = 0x00000000
    writepage = 0
    direct_io = 0
    keep_cache = 0
    fh = 0x00007f238c000c80
    lock_owner = 0x0000000000000000

bb_readdir(path="/", buf=0x8c000af0, filler=0x938f8220, offset=0, fi=0x91d29c50)
    readdir returned 0x0x7f238c000cb0
calling filler with name test.txt
calling filler with name ..
calling filler with name bogus.txt
calling filler with name .
    fi:
    flags = 0x00000000
    fh_old = 0x7f238c000c80
    writepage = 0
    direct_io = 0
    keep_cache = 0
    fh = 0x00007f238c000c80
    lock_owner = 0x0000000000000000

bb_releasedir(path="/", fi=0x91d29c60)
    fi:
    flags = 0x00000000
    fh_old = 0x7f238c000c80
    writepage = 0
    direct_io = 0
    keep_cache = 0
    fh = 0x00007f238c000c80
    lock_owner = 0x0000000000000000

bb_opendir(path="/", fi=0x9252ac50)
    bb_fullpath:  rootdir = "/home/shouvanik/OS_Labs/Lab11/fuse-tutorial-2016-03-25/example/rootdir", path = "/", fpath = "/home/shouvanik/OS_Labs/Lab11/fuse-tutorial-2016-03-25/example/rootdir/"
    opendir returned 0x0x7f2384000cd0
    fi:
    flags = 0x00018800
    fh_old = 0x00000000
    writepage = 0
    direct_io = 0
    keep_cache = 0
    fh = 0x00007f2384000cd0
    lock_owner = 0x0000000000000000

bb_readdir(path="/", buf=0x84000b40, filler=0x938f8220, offset=0, fi=0x92d2bc50)
    readdir returned 0x0x7f2384000d00
calling filler with name test.txt
calling filler with name ..
calling filler with name bogus.txt
calling filler with name .
    fi:
    flags = 0x00000000
    fh_old = 0x7f2384000cd0
    writepage = 0
    direct_io = 0
    keep_cache = 0
    fh = 0x00007f2384000cd0
    lock_owner = 0x0000000000000000

bb_releasedir(path="/", fi=0x92d2bc60)

bb_opendir(path="/", fi=0x91d29c50)
    bb_fullpath:  rootdir = "/home/shouvanik/OS_Labs/Lab11/fuse-tutorial-2016-03-25/example/rootdir", path = "/", fpath = "/home/shouvanik/OS_Labs/Lab11/fuse-tutorial-2016-03-25/example/rootdir/"
    fi:
    flags = 0x00000000
    fh_old = 0x7f2384000cd0
    writepage = 0
    direct_io = 0
    keep_cache = 0
    fh = 0x00007f2384000cd0
    lock_owner = 0x0000000000000000
    opendir returned 0x0x7f2388000b20
    fi:
    flags = 0x00018800
    fh_old = 0x00000000
    writepage = 0
    direct_io = 0
    keep_cache = 0
    fh = 0x00007f2388000b20
    lock_owner = 0x0000000000000000

bb_readdir(path="/", buf=0x88000990, filler=0x938f8220, offset=0, fi=0x9252ac50)
    readdir returned 0x0x7f2388000b50
calling filler with name test.txt
calling filler with name ..
calling filler with name bogus.txt
calling filler with name .
    fi:
    flags = 0x00000000
    fh_old = 0x7f2388000b20
    writepage = 0
    direct_io = 0
    keep_cache = 0
    fh = 0x00007f2388000b20
    lock_owner = 0x0000000000000000

bb_releasedir(path="/", fi=0x9252ac60)
    fi:
    flags = 0x00000000
    fh_old = 0x7f2388000b20
    writepage = 0
    direct_io = 0
    keep_cache = 0
    fh = 0x00007f2388000b20
    lock_owner = 0x0000000000000000

bb_opendir(path="/", fi=0x92d2bc50)
    bb_fullpath:  rootdir = "/home/shouvanik/OS_Labs/Lab11/fuse-tutorial-2016-03-25/example/rootdir", path = "/", fpath = "/home/shouvanik/OS_Labs/Lab11/fuse-tutorial-2016-03-25/example/rootdir/"
    opendir returned 0x0x7f238c000c80
    fi:
    flags = 0x00018800
    fh_old = 0x00000000
    writepage = 0
    direct_io = 0
    keep_cache = 0
    fh = 0x00007f238c000c80
    lock_owner = 0x0000000000000000

bb_readdir(path="/", buf=0x8c000af0, filler=0x938f8220, offset=0, fi=0x91d29c50)
    readdir returned 0x0x7f238c000cb0
calling filler with name test.txt
calling filler with name ..
calling filler with name bogus.txt
calling filler with name .
    fi:
    flags = 0x00000000
    fh_old = 0x7f238c000c80
    writepage = 0
    direct_io = 0
    keep_cache = 0
    fh = 0x00007f238c000c80
    lock_owner = 0x0000000000000000

bb_releasedir(path="/", fi=0x91d29c60)
    fi:

bb_opendir(path="/", fi=0x9252ac50)
    bb_fullpath:  rootdir = "/home/shouvanik/OS_Labs/Lab11/fuse-tutorial-2016-03-25/example/rootdir", path = "/", fpath = "/home/shouvanik/OS_Labs/Lab11/fuse-tutorial-2016-03-25/example/rootdir/"
    flags = 0x00000000
    fh_old = 0x7f238c000c80
    writepage = 0
    direct_io = 0
    keep_cache = 0
    fh = 0x00007f238c000c80
    lock_owner = 0x0000000000000000
    opendir returned 0x0x7f2384000cd0
    fi:
    flags = 0x00018800
    fh_old = 0x00000000
    writepage = 0
    direct_io = 0
    keep_cache = 0
    fh = 0x00007f2384000cd0
    lock_owner = 0x0000000000000000

bb_readdir(path="/", buf=0x84000b40, filler=0x938f8220, offset=0, fi=0x92d2bc50)
    readdir returned 0x0x7f2384000d00
calling filler with name test.txt
calling filler with name ..
calling filler with name bogus.txt
calling filler with name .
    fi:
    flags = 0x00000000
    fh_old = 0x7f2384000cd0
    writepage = 0
    direct_io = 0
    keep_cache = 0
    fh = 0x00007f2384000cd0
    lock_owner = 0x0000000000000000

bb_releasedir(path="/", fi=0x92d2bc60)
    fi:
    flags = 0x00000000
    fh_old = 0x7f2384000cd0
    writepage = 0
    direct_io = 0
    keep_cache = 0
    fh = 0x00007f2384000cd0
    lock_owner = 0x0000000000000000

bb_opendir(path="/", fi=0x91d29c50)
    bb_fullpath:  rootdir = "/home/shouvanik/OS_Labs/Lab11/fuse-tutorial-2016-03-25/example/rootdir", path = "/", fpath = "/home/shouvanik/OS_Labs/Lab11/fuse-tutorial-2016-03-25/example/rootdir/"
    opendir returned 0x0x7f2388000b20
    fi:
    flags = 0x00018800
    fh_old = 0x00000000
    writepage = 0
    direct_io = 0
    keep_cache = 0
    fh = 0x00007f2388000b20
    lock_owner = 0x0000000000000000

bb_readdir(path="/", buf=0x88000990, filler=0x938f8220, offset=0, fi=0x9252ac50)
    readdir returned 0x0x7f2388000b50
calling filler with name test.txt
calling filler with name ..
calling filler with name bogus.txt
calling filler with name .
    fi:
    flags = 0x00000000
    fh_old = 0x7f2388000b20
    writepage = 0
    direct_io = 0
    keep_cache = 0
    fh = 0x00007f2388000b20
    lock_owner = 0x0000000000000000

bb_releasedir(path="/", fi=0x9252ac60)
    fi:
    flags = 0x00000000
    fh_old = 0x7f2388000b20
    writepage = 0
    direct_io = 0
    keep_cache = 0
    fh = 0x00007f2388000b20
    lock_owner = 0x0000000000000000

bb_opendir(path="/", fi=0x92d2bc50)
    bb_fullpath:  rootdir = "/home/shouvanik/OS_Labs/Lab11/fuse-tutorial-2016-03-25/example/rootdir", path = "/", fpath = "/home/shouvanik/OS_Labs/Lab11/fuse-tutorial-2016-03-25/example/rootdir/"
    opendir returned 0x0x7f238c000c80
    fi:
    flags = 0x00018800
    fh_old = 0x00000000
    writepage = 0
    direct_io = 0
    keep_cache = 0
    fh = 0x00007f238c000c80
    lock_owner = 0x0000000000000000

bb_readdir(path="/", buf=0x8c000af0, filler=0x938f8220, offset=0, fi=0x91d29c50)
    readdir returned 0x0x7f238c000cb0
calling filler with name test.txt
calling filler with name ..
calling filler with name bogus.txt
calling filler with name .
    fi:
    flags = 0x00000000
    fh_old = 0x7f238c000c80
    writepage = 0
    direct_io = 0
    keep_cache = 0
    fh = 0x00007f238c000c80
    lock_owner = 0x0000000000000000

bb_releasedir(path="/", fi=0x91d29c60)
    fi:
    flags = 0x00000000
    fh_old = 0x7f238c000c80
    writepage = 0
    direct_io = 0
    keep_cache = 0
    fh = 0x00007f238c000c80
    lock_owner = 0x0000000000000000

bb_opendir(path="/", fi=0x9252ac50)
    bb_fullpath:  rootdir = "/home/shouvanik/OS_Labs/Lab11/fuse-tutorial-2016-03-25/example/rootdir", path = "/", fpath = "/home/shouvanik/OS_Labs/Lab11/fuse-tutorial-2016-03-25/example/rootdir/"
    opendir returned 0x0x7f2384000cd0
    fi:
    flags = 0x00018800
    fh_old = 0x00000000
    writepage = 0
    direct_io = 0
    keep_cache = 0
    fh = 0x00007f2384000cd0
    lock_owner = 0x0000000000000000

bb_readdir(path="/", buf=0x84000b40, filler=0x938f8220, offset=0, fi=0x92d2bc50)
    readdir returned 0x0x7f2384000d00
calling filler with name test.txt
calling filler with name ..
calling filler with name bogus.txt
calling filler with name .
    fi:
    flags = 0x00000000
    fh_old = 0x7f2384000cd0
    writepage = 0
    direct_io = 0
    keep_cache = 0
    fh = 0x00007f2384000cd0
    lock_owner = 0x0000000000000000

bb_releasedir(path="/", fi=0x92d2bc60)
    fi:
    flags = 0x00000000
    fh_old = 0x7f2384000cd0
    writepage = 0
    direct_io = 0
    keep_cache = 0
    fh = 0x00007f2384000cd0
    lock_owner = 0x0000000000000000

bb_opendir(path="/", fi=0x91d29c50)
    bb_fullpath:  rootdir = "/home/shouvanik/OS_Labs/Lab11/fuse-tutorial-2016-03-25/example/rootdir", path = "/", fpath = "/home/shouvanik/OS_Labs/Lab11/fuse-tutorial-2016-03-25/example/rootdir/"
    opendir returned 0x0x7f2388000b20
    fi:
    flags = 0x00018800
    fh_old = 0x00000000
    writepage = 0
    direct_io = 0
    keep_cache = 0
    fh = 0x00007f2388000b20
    lock_owner = 0x0000000000000000

bb_readdir(path="/", buf=0x88000990, filler=0x938f8220, offset=0, fi=0x9252ac50)
    readdir returned 0x0x7f2388000b50
calling filler with name test.txt
calling filler with name ..
calling filler with name bogus.txt
calling filler with name .
    fi:
    flags = 0x00000000
    fh_old = 0x7f2388000b20
    writepage = 0
    direct_io = 0
    keep_cache = 0
    fh = 0x00007f2388000b20
    lock_owner = 0x0000000000000000

bb_releasedir(path="/", fi=0x9252ac60)
    fi:
    flags = 0x00000000
    fh_old = 0x7f2388000b20
    writepage = 0
    direct_io = 0
    keep_cache = 0
    fh = 0x00007f2388000b20
    lock_owner = 0x0000000000000000

bb_getattr(path="/autorun.inf", statbuf=0x92d2bc20)
    bb_fullpath:  rootdir = "/home/shouvanik/OS_Labs/Lab11/fuse-tutorial-2016-03-25/example/rootdir", path = "/autorun.inf", fpath = "/home/shouvanik/OS_Labs/Lab11/fuse-tutorial-2016-03-25/example/rootdir/autorun.inf"
    lstat returned -1
    ERROR lstat: No such file or directory
    si:
    st_dev = 0
    st_ino = 0
    st_mode = 00
    st_nlink = 0
    st_uid = 0
    st_gid = 0
    st_rdev = 0
    st_size = 0
    st_blksize = 0
    st_blocks = 0
    st_atime = 0x00000000
    st_mtime = 0x00000000
    st_ctime = 0x00000000

bb_getattr(path="/", statbuf=0x91d29bf0)
    bb_fullpath:  rootdir = "/home/shouvanik/OS_Labs/Lab11/fuse-tutorial-2016-03-25/example/rootdir", path = "/", fpath = "/home/shouvanik/OS_Labs/Lab11/fuse-tutorial-2016-03-25/example/rootdir/"
    lstat returned 0
    si:
    st_dev = 2056
    st_ino = 396111
    st_mode = 040775
    st_nlink = 2
    st_uid = 1000
    st_gid = 1000
    st_rdev = 0
    st_size = 4096
    st_blksize = 4096
    st_blocks = 8
    st_atime = 0x57012a36
    st_mtime = 0x570129fa
    st_ctime = 0x570129fa

bb_access(path="/", mask=01)
    bb_fullpath:  rootdir = "/home/shouvanik/OS_Labs/Lab11/fuse-tutorial-2016-03-25/example/rootdir", path = "/", fpath = "/home/shouvanik/OS_Labs/Lab11/fuse-tutorial-2016-03-25/example/rootdir/"

bb_getattr(path="/test.txt", statbuf=0x92d2bc20)
    bb_fullpath:  rootdir = "/home/shouvanik/OS_Labs/Lab11/fuse-tutorial-2016-03-25/example/rootdir", path = "/test.txt", fpath = "/home/shouvanik/OS_Labs/Lab11/fuse-tutorial-2016-03-25/example/rootdir/test.txt"
    lstat returned 0
    si:
    st_dev = 2056
    st_ino = 396119
    st_mode = 0100664
    st_nlink = 1
    st_uid = 1000
    st_gid = 1000
    st_rdev = 0
    st_size = 18
    st_blksize = 4096
    st_blocks = 8
    st_atime = 0x57012a10
    st_mtime = 0x57012a0d
    st_ctime = 0x57012a0d

bb_open(path"/test.txt", fi=0x91d29d10)
    bb_fullpath:  rootdir = "/home/shouvanik/OS_Labs/Lab11/fuse-tutorial-2016-03-25/example/rootdir", path = "/test.txt", fpath = "/home/shouvanik/OS_Labs/Lab11/fuse-tutorial-2016-03-25/example/rootdir/test.txt"
    open returned 5
    fi:
    flags = 0x00008001
    fh_old = 0x00000000
    writepage = 0
    direct_io = 0
    keep_cache = 0
    fh = 0x0000000000000005
    lock_owner = 0x0000000000000000

bb_truncate(path="/test.txt", newsize=0)
    bb_fullpath:  rootdir = "/home/shouvanik/OS_Labs/Lab11/fuse-tutorial-2016-03-25/example/rootdir", path = "/test.txt", fpath = "/home/shouvanik/OS_Labs/Lab11/fuse-tutorial-2016-03-25/example/rootdir/test.txt"
    truncate returned 0

bb_getattr(path="/test.txt", statbuf=0x9252ab60)
    bb_fullpath:  rootdir = "/home/shouvanik/OS_Labs/Lab11/fuse-tutorial-2016-03-25/example/rootdir", path = "/test.txt", fpath = "/home/shouvanik/OS_Labs/Lab11/fuse-tutorial-2016-03-25/example/rootdir/test.txt"
    lstat returned 0
    si:
    st_dev = 2056
    st_ino = 396119
    st_mode = 0100664
    st_nlink = 1
    st_uid = 1000
    st_gid = 1000
    st_rdev = 0
    st_size = 0
    st_blksize = 4096
    st_blocks = 0
    st_atime = 0x57012a10
    st_mtime = 0x57012a50
    st_ctime = 0x57012a50

bb_flush(path="/test.txt", fi=0x91d29d10)
    fi:
    flags = 0x00000000
    fh_old = 0x00000005
    writepage = 0
    direct_io = 0
    keep_cache = 0
    fh = 0x0000000000000005
    lock_owner = 0xeeadf3a129ad53ac

bb_write(path="/test.txt", buf=0x93d28060, size=20, offset=0, fi=0x92d2bd80)
    fi:
    flags = 0x00008001
    fh_old = 0x00000005
    writepage = 0
    direct_io = 0
    keep_cache = 0
    fh = 0x0000000000000005
    lock_owner = 0x0000000000000000
    pwrite returned 20

bb_flush(path="/test.txt", fi=0x91d29d10)
    fi:
    flags = 0x00000000
    fh_old = 0x00000005
    writepage = 0
    direct_io = 0
    keep_cache = 0
    fh = 0x0000000000000005
    lock_owner = 0xeeadf3a129ad53ac

bb_release(path="/test.txt", fi=0x9252ad10)
    fi:
    flags = 0x00008001
    fh_old = 0x00000005
    writepage = 0
    direct_io = 0
    keep_cache = 0
    fh = 0x0000000000000005
    lock_owner = 0xea94fc466103cd48
    close returned 0

bb_getattr(path="/", statbuf=0x92d2bbf0)
    bb_fullpath:  rootdir = "/home/shouvanik/OS_Labs/Lab11/fuse-tutorial-2016-03-25/example/rootdir", path = "/", fpath = "/home/shouvanik/OS_Labs/Lab11/fuse-tutorial-2016-03-25/example/rootdir/"
    lstat returned 0
    si:
    st_dev = 2056
    st_ino = 396111
    st_mode = 040775
    st_nlink = 2
    st_uid = 1000
    st_gid = 1000
    st_rdev = 0
    st_size = 4096
    st_blksize = 4096
    st_blocks = 8
    st_atime = 0x57012a36
    st_mtime = 0x570129fa
    st_ctime = 0x570129fa

bb_opendir(path="/", fi=0x91d29c50)
    bb_fullpath:  rootdir = "/home/shouvanik/OS_Labs/Lab11/fuse-tutorial-2016-03-25/example/rootdir", path = "/", fpath = "/home/shouvanik/OS_Labs/Lab11/fuse-tutorial-2016-03-25/example/rootdir/"
    opendir returned 0x0x7f2388000b20
    fi:
    flags = 0x00018800
    fh_old = 0x00000000
    writepage = 0
    direct_io = 0
    keep_cache = 0
    fh = 0x00007f2388000b20
    lock_owner = 0x0000000000000000

bb_readdir(path="/", buf=0x88000990, filler=0x938f8220, offset=0, fi=0x9252ac50)
    readdir returned 0x0x7f2388000b50
calling filler with name test.txt
calling filler with name ..
calling filler with name bogus.txt
calling filler with name .
    fi:
    flags = 0x00000000
    fh_old = 0x7f2388000b20
    writepage = 0
    direct_io = 0
    keep_cache = 0
    fh = 0x00007f2388000b20
    lock_owner = 0x0000000000000000

bb_getattr(path="/test.txt", statbuf=0x92d2bc20)
    bb_fullpath:  rootdir = "/home/shouvanik/OS_Labs/Lab11/fuse-tutorial-2016-03-25/example/rootdir", path = "/test.txt", fpath = "/home/shouvanik/OS_Labs/Lab11/fuse-tutorial-2016-03-25/example/rootdir/test.txt"
    lstat returned 0
    si:
    st_dev = 2056
    st_ino = 396119
    st_mode = 0100664
    st_nlink = 1
    st_uid = 1000
    st_gid = 1000
    st_rdev = 0
    st_size = 20
    st_blksize = 4096
    st_blocks = 8
    st_atime = 0x57012a10
    st_mtime = 0x57012a50
    st_ctime = 0x57012a50

bb_getattr(path="/bogus.txt", statbuf=0x91d29c20)
    bb_fullpath:  rootdir = "/home/shouvanik/OS_Labs/Lab11/fuse-tutorial-2016-03-25/example/rootdir", path = "/bogus.txt", fpath = "/home/shouvanik/OS_Labs/Lab11/fuse-tutorial-2016-03-25/example/rootdir/bogus.txt"
    lstat returned 0
    si:
    st_dev = 2056
    st_ino = 396112
    st_mode = 0100664
    st_nlink = 1
    st_uid = 1000
    st_gid = 1000
    st_rdev = 0
    st_size = 11
    st_blksize = 4096
    st_blocks = 8
    st_atime = 0x570128dd
    st_mtime = 0x570129bd
    st_ctime = 0x570129bd

bb_releasedir(path="/", fi=0x92d2bc60)
    fi:
    flags = 0x00000000
    fh_old = 0x7f2388000b20
    writepage = 0
    direct_io = 0
    keep_cache = 0
    fh = 0x00007f2388000b20
    lock_owner = 0x0000000000000000

bb_getattr(path="/test.txt", statbuf=0x91d29c20)
    bb_fullpath:  rootdir = "/home/shouvanik/OS_Labs/Lab11/fuse-tutorial-2016-03-25/example/rootdir", path = "/test.txt", fpath = "/home/shouvanik/OS_Labs/Lab11/fuse-tutorial-2016-03-25/example/rootdir/test.txt"
    lstat returned 0
    si:
    st_dev = 2056
    st_ino = 396119
    st_mode = 0100664
    st_nlink = 1
    st_uid = 1000
    st_gid = 1000
    st_rdev = 0
    st_size = 20
    st_blksize = 4096
    st_blocks = 8
    st_atime = 0x57012a10
    st_mtime = 0x57012a50
    st_ctime = 0x57012a50

bb_open(path"/test.txt", fi=0x9252ad10)
    bb_fullpath:  rootdir = "/home/shouvanik/OS_Labs/Lab11/fuse-tutorial-2016-03-25/example/rootdir", path = "/test.txt", fpath = "/home/shouvanik/OS_Labs/Lab11/fuse-tutorial-2016-03-25/example/rootdir/test.txt"
    open returned 5
    fi:
    flags = 0x00008000
    fh_old = 0x00000000
    writepage = 0
    direct_io = 0
    keep_cache = 0
    fh = 0x0000000000000005
    lock_owner = 0x0000000000000000

bb_read(path="/test.txt", buf=0x8c000c50, size=4096, offset=0, fi=0x92d2bd10)
    fi:
    flags = 0x00008000
    fh_old = 0x00000005
    writepage = 0
    direct_io = 0
    keep_cache = 0
    fh = 0x0000000000000005
    lock_owner = 0x0000000000000000
    pread returned 20

bb_fgetattr(path="/test.txt", statbuf=0x91d29bf0, fi=0x91d29d10)
    fi:
    flags = 0x00000000
    fh_old = 0x00000005
    writepage = 0
    direct_io = 0
    keep_cache = 0
    fh = 0x0000000000000005
    lock_owner = 0x0000000000000000
    si:
    st_dev = 2056
    st_ino = 396119
    st_mode = 0100664
    st_nlink = 1
    st_uid = 1000
    st_gid = 1000
    st_rdev = 0
    st_size = 20
    st_blksize = 4096
    st_blocks = 8
    st_atime = 0x57012a58
    st_mtime = 0x57012a50
    st_ctime = 0x57012a50

bb_flush(path="/test.txt", fi=0x9252ad10)
    fi:
    flags = 0x00000000
    fh_old = 0x00000005
    writepage = 0
    direct_io = 0
    keep_cache = 0
    fh = 0x0000000000000005
    lock_owner = 0x726b5444c619c4a8

bb_release(path="/test.txt", fi=0x92d2bd10)
    fi:
    flags = 0x00008000
    fh_old = 0x00000005
    writepage = 0
    direct_io = 0
    keep_cache = 0
    fh = 0x0000000000000005
    lock_owner = 0x0000000000000000
    close returned 0

bb_getattr(path="/test.txt", statbuf=0x91d29c20)
    bb_fullpath:  rootdir = "/home/shouvanik/OS_Labs/Lab11/fuse-tutorial-2016-03-25/example/rootdir", path = "/test.txt", fpath = "/home/shouvanik/OS_Labs/Lab11/fuse-tutorial-2016-03-25/example/rootdir/test.txt"
    lstat returned 0
    si:
    st_dev = 2056
    st_ino = 396119
    st_mode = 0100664
    st_nlink = 1
    st_uid = 1000
    st_gid = 1000
    st_rdev = 0
    st_size = 20
    st_blksize = 4096
    st_blocks = 8
    st_atime = 0x57012a58
    st_mtime = 0x57012a50
    st_ctime = 0x57012a50

bb_open(path"/test.txt", fi=0x9252ad10)
    bb_fullpath:  rootdir = "/home/shouvanik/OS_Labs/Lab11/fuse-tutorial-2016-03-25/example/rootdir", path = "/test.txt", fpath = "/home/shouvanik/OS_Labs/Lab11/fuse-tutorial-2016-03-25/example/rootdir/test.txt"
    open returned 5
    fi:
    flags = 0x00008401
    fh_old = 0x00000000
    writepage = 0
    direct_io = 0
    keep_cache = 0
    fh = 0x0000000000000005
    lock_owner = 0x0000000000000000

bb_flush(path="/test.txt", fi=0x92d2bd10)
    fi:
    flags = 0x00000000
    fh_old = 0x00000005
    writepage = 0
    direct_io = 0
    keep_cache = 0
    fh = 0x0000000000000005
    lock_owner = 0xeeadf3a129ad53ac

bb_write(path="/test.txt", buf=0x93cdd060, size=17, offset=20, fi=0x91d29d80)
    fi:
    flags = 0x00008401
    fh_old = 0x00000005
    writepage = 0
    direct_io = 0
    keep_cache = 0
    fh = 0x0000000000000005
    lock_owner = 0x0000000000000000
    pwrite returned 17

bb_flush(path="/test.txt", fi=0x9252ad10)
    fi:
    flags = 0x00000000
    fh_old = 0x00000005
    writepage = 0
    direct_io = 0
    keep_cache = 0
    fh = 0x0000000000000005
    lock_owner = 0xeeadf3a129ad53ac

bb_release(path="/test.txt", fi=0x92d2bd10)
    fi:
    flags = 0x00008401
    fh_old = 0x00000005
    writepage = 0
    direct_io = 0
    keep_cache = 0
    fh = 0x0000000000000005
    lock_owner = 0xf2c7c4170b297d39
    close returned 0

bb_getattr(path="/test.txt", statbuf=0x91d29c20)
    bb_fullpath:  rootdir = "/home/shouvanik/OS_Labs/Lab11/fuse-tutorial-2016-03-25/example/rootdir", path = "/test.txt", fpath = "/home/shouvanik/OS_Labs/Lab11/fuse-tutorial-2016-03-25/example/rootdir/test.txt"
    lstat returned 0
    si:
    st_dev = 2056
    st_ino = 396119
    st_mode = 0100664
    st_nlink = 1
    st_uid = 1000
    st_gid = 1000
    st_rdev = 0
    st_size = 37
    st_blksize = 4096
    st_blocks = 8
    st_atime = 0x57012a58
    st_mtime = 0x57012a69
    st_ctime = 0x57012a69

bb_open(path"/test.txt", fi=0x9252ad10)
    bb_fullpath:  rootdir = "/home/shouvanik/OS_Labs/Lab11/fuse-tutorial-2016-03-25/example/rootdir", path = "/test.txt", fpath = "/home/shouvanik/OS_Labs/Lab11/fuse-tutorial-2016-03-25/example/rootdir/test.txt"
    open returned 5
    fi:
    flags = 0x00008000
    fh_old = 0x00000000
    writepage = 0
    direct_io = 0
    keep_cache = 0
    fh = 0x0000000000000005
    lock_owner = 0x0000000000000000

bb_read(path="/test.txt", buf=0x8c000c50, size=4096, offset=0, fi=0x92d2bd10)
    fi:
    flags = 0x00008000
    fh_old = 0x00000005
    writepage = 0
    direct_io = 0
    keep_cache = 0
    fh = 0x0000000000000005
    lock_owner = 0x0000000000000000
    pread returned 37

bb_fgetattr(path="/test.txt", statbuf=0x91d29bf0, fi=0x91d29d10)
    fi:
    flags = 0x00000000
    fh_old = 0x00000005
    writepage = 0
    direct_io = 0
    keep_cache = 0
    fh = 0x0000000000000005
    lock_owner = 0x0000000000000000
    si:
    st_dev = 2056
    st_ino = 396119
    st_mode = 0100664
    st_nlink = 1
    st_uid = 1000
    st_gid = 1000
    st_rdev = 0
    st_size = 37
    st_blksize = 4096
    st_blocks = 8
    st_atime = 0x57012a6a
    st_mtime = 0x57012a69
    st_ctime = 0x57012a69

bb_flush(path="/test.txt", fi=0x9252ad10)
    fi:
    flags = 0x00000000
    fh_old = 0x00000005
    writepage = 0
    direct_io = 0
    keep_cache = 0
    fh = 0x0000000000000005
    lock_owner = 0x269eb9f967e3eb41

bb_release(path="/test.txt", fi=0x92d2bd10)
    fi:
    flags = 0x00008000
    fh_old = 0x00000005
    writepage = 0
    direct_io = 0
    keep_cache = 0
    fh = 0x0000000000000005
    lock_owner = 0x0000000000000000
    close returned 0

bb_getattr(path="/", statbuf=0x91d29bf0)
    bb_fullpath:  rootdir = "/home/shouvanik/OS_Labs/Lab11/fuse-tutorial-2016-03-25/example/rootdir", path = "/", fpath = "/home/shouvanik/OS_Labs/Lab11/fuse-tutorial-2016-03-25/example/rootdir/"
    lstat returned 0
    si:
    st_dev = 2056
    st_ino = 396111
    st_mode = 040775
    st_nlink = 2
    st_uid = 1000
    st_gid = 1000
    st_rdev = 0
    st_size = 4096
    st_blksize = 4096
    st_blocks = 8
    st_atime = 0x57012a36
    st_mtime = 0x570129fa
    st_ctime = 0x570129fa

bb_destroy(userdata=0x006c3010)
